D:\Study\VC++_project\ShowImage\MainWindow\MainWindow\Debug\cl.command.1.tlog
D:\Study\VC++_project\ShowImage\MainWindow\MainWindow\Debug\CL.read.1.tlog
D:\Study\VC++_project\ShowImage\MainWindow\MainWindow\Debug\CL.write.1.tlog
D:\Study\VC++_project\ShowImage\MainWindow\MainWindow\Debug\custombuild.command.1.tlog
D:\Study\VC++_project\ShowImage\MainWindow\MainWindow\Debug\custombuild.read.1.tlog
D:\Study\VC++_project\ShowImage\MainWindow\MainWindow\Debug\custombuild.write.1.tlog
D:\Study\VC++_project\ShowImage\MainWindow\MainWindow\Debug\link.command.1.tlog
D:\Study\VC++_project\ShowImage\MainWindow\MainWindow\Debug\link.read.1.tlog
D:\Study\VC++_project\ShowImage\MainWindow\MainWindow\Debug\link.write.1.tlog
D:\Study\VC++_project\ShowImage\MainWindow\MainWindow\Debug\link-cvtres.read.1.tlog
D:\Study\VC++_project\ShowImage\MainWindow\MainWindow\Debug\link-cvtres.write.1.tlog
D:\STUDY\VC++_PROJECT\SHOWIMAGE\MAINWINDOW\MAINWINDOW\DEBUG\MAIN.OBJ
D:\STUDY\VC++_PROJECT\SHOWIMAGE\MAINWINDOW\MAINWINDOW\DEBUG\MAINWINDOW.EXE.INTERMEDIATE.MANIFEST
D:\STUDY\VC++_PROJECT\SHOWIMAGE\MAINWINDOW\MAINWINDOW\DEBUG\MAINWINDOW.OBJ
D:\STUDY\VC++_PROJECT\SHOWIMAGE\MAINWINDOW\MAINWINDOW\DEBUG\MAINWINDOW.RES
D:\Study\VC++_project\ShowImage\MainWindow\MainWindow\Debug\MainWindow.write.1.tlog
D:\STUDY\VC++_PROJECT\SHOWIMAGE\MAINWINDOW\MAINWINDOW\DEBUG\MOC_MAINWINDOW.OBJ
D:\STUDY\VC++_PROJECT\SHOWIMAGE\MAINWINDOW\MAINWINDOW\DEBUG\MOC_MYSCENE.OBJ
D:\STUDY\VC++_PROJECT\SHOWIMAGE\MAINWINDOW\MAINWINDOW\DEBUG\MOC_RECT.OBJ
D:\STUDY\VC++_PROJECT\SHOWIMAGE\MAINWINDOW\MAINWINDOW\DEBUG\MOC_SCROLLAREA.OBJ
D:\STUDY\VC++_PROJECT\SHOWIMAGE\MAINWINDOW\MAINWINDOW\DEBUG\MOC_SETPARAS.OBJ
D:\Study\VC++_project\ShowImage\MainWindow\MainWindow\Debug\mt.command.1.tlog
D:\Study\VC++_project\ShowImage\MainWindow\MainWindow\Debug\mt.read.1.tlog
D:\Study\VC++_project\ShowImage\MainWindow\MainWindow\Debug\mt.write.1.tlog
D:\STUDY\VC++_PROJECT\SHOWIMAGE\MAINWINDOW\MAINWINDOW\DEBUG\MYSCENE.OBJ
D:\STUDY\VC++_PROJECT\SHOWIMAGE\MAINWINDOW\MAINWINDOW\DEBUG\PARAS.OBJ
D:\STUDY\VC++_PROJECT\SHOWIMAGE\MAINWINDOW\MAINWINDOW\DEBUG\QRC_MAINWINDOW.OBJ
D:\Study\VC++_project\ShowImage\MainWindow\MainWindow\Debug\rc.command.1.tlog
D:\Study\VC++_project\ShowImage\MainWindow\MainWindow\Debug\rc.read.1.tlog
D:\Study\VC++_project\ShowImage\MainWindow\MainWindow\Debug\rc.write.1.tlog
D:\STUDY\VC++_PROJECT\SHOWIMAGE\MAINWINDOW\MAINWINDOW\DEBUG\RECT.OBJ
D:\STUDY\VC++_PROJECT\SHOWIMAGE\MAINWINDOW\MAINWINDOW\DEBUG\SCROLLAREA.OBJ
D:\STUDY\VC++_PROJECT\SHOWIMAGE\MAINWINDOW\MAINWINDOW\DEBUG\SETPARAS.OBJ
D:\STUDY\VC++_PROJECT\SHOWIMAGE\MAINWINDOW\MAINWINDOW\DEBUG\VC100.PDB
D:\STUDY\VC++_PROJECT\SHOWIMAGE\MAINWINDOW\MAINWINDOW\DEBUG\XML.OBJ
D:\STUDY\VC++_PROJECT\SHOWIMAGE\MAINWINDOW\MAINWINDOW\GENERATEDFILES\DEBUG\MOC_MAINWINDOW.CPP
D:\STUDY\VC++_PROJECT\SHOWIMAGE\MAINWINDOW\MAINWINDOW\GENERATEDFILES\DEBUG\MOC_MYSCENE.CPP
D:\STUDY\VC++_PROJECT\SHOWIMAGE\MAINWINDOW\MAINWINDOW\GENERATEDFILES\DEBUG\MOC_RECT.CPP
D:\STUDY\VC++_PROJECT\SHOWIMAGE\MAINWINDOW\MAINWINDOW\GENERATEDFILES\DEBUG\MOC_SCROLLAREA.CPP
D:\STUDY\VC++_PROJECT\SHOWIMAGE\MAINWINDOW\MAINWINDOW\GENERATEDFILES\DEBUG\MOC_SETPARAS.CPP
D:\STUDY\VC++_PROJECT\SHOWIMAGE\MAINWINDOW\MAINWINDOW\GENERATEDFILES\QRC_MAINWINDOW.CPP
D:\STUDY\VC++_PROJECT\SHOWIMAGE\MAINWINDOW\MAINWINDOW\GENERATEDFILES\UI_MAINWINDOW.H
D:\STUDY\VC++_PROJECT\SHOWIMAGE\MAINWINDOW\MAINWINDOW\GENERATEDFILES\UI_PARAS.H
D:\STUDY\VC++_PROJECT\SHOWIMAGE\MAINWINDOW\WIN32\DEBUG\MAINWINDOW.EXE
D:\Study\VC++_project\ShowImage\MainWindow\Win32\Debug\MainWindow.exp
D:\STUDY\VC++_PROJECT\SHOWIMAGE\MAINWINDOW\WIN32\DEBUG\MAINWINDOW.ILK
D:\Study\VC++_project\ShowImage\MainWindow\Win32\Debug\MainWindow.lib
D:\STUDY\VC++_PROJECT\SHOWIMAGE\MAINWINDOW\WIN32\DEBUG\MAINWINDOW.PDB
